<?xml version="1.0" encoding="UTF-8"?>
<!-- Generated by org.testng.reporters.JUnitXMLReporter -->
<testsuite ignored="0" hostname="RICKEY" failures="0" tests="5" name="Default test" time="186.334" errors="0" timestamp="2021-03-30T22:32:02 IST">
  <testcase classname="testcases.Createaccounttestcases" name="account_012" time="18.965"/>
  <testcase classname="testcases.Createaccounttestcases" name="account_012" time="23.04"/>
  <testcase classname="testcases.Createaccounttestcases" name="account_012" time="19.589"/>
  <testcase classname="testcases.Createaccounttestcases" name="account_0123" time="15.936"/>
  <testcase classname="testcases.Createaccounttestcases" name="account_013" time="19.651"/>
</testsuite> <!-- Default test -->
