<?xml version="1.0" encoding="UTF-8"?>
<!-- Generated by org.testng.reporters.JUnitXMLReporter -->
<testsuite ignored="0" hostname="RICKEY" failures="0" tests="3" name="Test" time="166.444" errors="0" timestamp="2021-04-02T16:06:28 IST">
  <testcase classname="testcases.Createaccounttestcases" name="account_012" time="28.152"/>
  <testcase classname="testcases.Createaccounttestcases" name="account_0123" time="22.67"/>
  <testcase classname="testcases.Createaccounttestcases" name="account_013" time="23.361"/>
</testsuite> <!-- Test -->
